<?xml version="1.0" encoding="UTF-8"?>
<coverage generated="1602511417681" clover="3.2.0">
  <project timestamp="1602511417681" name="All files">
    <metrics statements="14" coveredstatements="14" conditionals="0" coveredconditionals="0" methods="7" coveredmethods="7" elements="21" coveredelements="21" complexity="0" loc="14" ncloc="14" packages="1" files="3" classes="3"/>
    <file name="item.js" path="/Users/RSI46/git/Restauraunt/modules/item.js">
      <metrics statements="3" coveredstatements="3" conditionals="0" coveredconditionals="0" methods="1" coveredmethods="1"/>
      <line num="4" count="4" type="stmt"/>
      <line num="5" count="4" type="stmt"/>
      <line num="9" count="2" type="stmt"/>
    </file>
    <file name="menu.js" path="/Users/RSI46/git/Restauraunt/modules/menu.js">
      <metrics statements="5" coveredstatements="5" conditionals="0" coveredconditionals="0" methods="3" coveredmethods="3"/>
      <line num="4" count="5" type="stmt"/>
      <line num="5" count="5" type="stmt"/>
      <line num="6" count="5" type="stmt"/>
      <line num="10" count="3" type="stmt"/>
      <line num="14" count="2" type="stmt"/>
    </file>
    <file name="restaurant.js" path="/Users/RSI46/git/Restauraunt/modules/restaurant.js">
      <metrics statements="6" coveredstatements="6" conditionals="0" coveredconditionals="0" methods="3" coveredmethods="3"/>
      <line num="3" count="2" type="stmt"/>
      <line num="4" count="2" type="stmt"/>
      <line num="5" count="2" type="stmt"/>
      <line num="6" count="2" type="stmt"/>
      <line num="10" count="3" type="stmt"/>
      <line num="14" count="1" type="stmt"/>
    </file>
  </project>
</coverage>
