TN:
SF:modules/item.js
FN:3,(anonymous_0)
FNF:1
FNH:1
FNDA:4,(anonymous_0)
DA:4,4
DA:5,4
DA:9,2
LF:3
LH:3
BRF:0
BRH:0
end_of_record
TN:
SF:modules/menu.js
FN:3,(anonymous_0)
FN:9,(anonymous_1)
FN:10,(anonymous_2)
FNF:3
FNH:3
FNDA:5,(anonymous_0)
FNDA:1,(anonymous_1)
FNDA:3,(anonymous_2)
DA:4,5
DA:5,5
DA:6,5
DA:10,3
DA:14,2
LF:5
LH:5
BRF:0
BRH:0
end_of_record
TN:
SF:modules/restaurant.js
FN:2,(anonymous_0)
FN:9,(anonymous_1)
FN:10,(anonymous_2)
FNF:3
FNH:3
FNDA:2,(anonymous_0)
FNDA:1,(anonymous_1)
FNDA:3,(anonymous_2)
DA:3,2
DA:4,2
DA:5,2
DA:6,2
DA:10,3
DA:14,1
LF:6
LH:6
BRF:0
BRH:0
end_of_record
